<?xml version="1.0" encoding="UTF-8"?>
<testng-results ignored="0" total="1" passed="1" failed="0" skipped="0">
  <reporter-output>
  </reporter-output>
  <suite started-at="2022-12-09T14:45:54 IST" name="Suite" finished-at="2022-12-09T14:46:35 IST" duration-ms="40992">
    <groups>
    </groups>
    <test started-at="2022-12-09T14:45:54 IST" name="Test Chrome" finished-at="2022-12-09T14:46:35 IST" duration-ms="40992">
      <class name="com.qa.testscripts.TC_Search_001">
        <test-method is-config="true" signature="Setup(java.lang.String,java.lang.String)[pri:0, instance:com.qa.testscripts.TC_Search_001@13e39c73]" started-at="2022-12-09T14:45:54 IST" name="Setup" finished-at="2022-12-09T14:46:20 IST" duration-ms="26424" status="PASS">
          <params>
            <param index="0">
              <value>
                <![CDATA[Chrome]]>
              </value>
            </param>
            <param index="1">
              <value>
                <![CDATA[http://www.google.com/]]>
              </value>
            </param>
          </params>
          <reporter-output>
          </reporter-output>
        </test-method> <!-- Setup -->
        <test-method signature="Search()[pri:0, instance:com.qa.testscripts.TC_Search_001@13e39c73]" started-at="2022-12-09T14:46:20 IST" name="Search" finished-at="2022-12-09T14:46:26 IST" duration-ms="6060" status="PASS">
          <reporter-output>
          </reporter-output>
        </test-method> <!-- Search -->
        <test-method is-config="true" signature="TearDown()[pri:0, instance:com.qa.testscripts.TC_Search_001@13e39c73]" started-at="2022-12-09T14:46:26 IST" name="TearDown" finished-at="2022-12-09T14:46:35 IST" duration-ms="8436" status="PASS">
          <reporter-output>
          </reporter-output>
        </test-method> <!-- TearDown -->
      </class> <!-- com.qa.testscripts.TC_Search_001 -->
    </test> <!-- Test Chrome -->
  </suite> <!-- Suite -->
</testng-results>
